2022-06-03 14:01:32.970 INFO  [acme.Launcher@main] Starting Launcher using Java 1.8.0_281 on DESKTOP-N7AI63U with PID 2260 (C:\Users\jesus\Workspace-22.0\Frameworks\Acme-Framework-22.5\target\classes started by jesus in C:\Users\jesus\Workspace-22.0\Projects\Acme-Toolkits-ControlCheck) 
2022-06-03 14:01:32.970 DEBUG [acme.Launcher@main] Running with Spring Boot v2.4.2, Spring v5.3.3 
2022-06-03 14:01:32.971 INFO  [acme.Launcher@main] The following profiles are active: development,default 
2022-06-03 14:01:34.276 DEBUG [org.apache.jasper.servlet.JasperInitializer@main] Initializing Jasper for context [application] 
2022-06-03 14:01:37.352 DEBUG [org.apache.jasper.servlet.JspServlet@main] Scratch dir for the JSP engine is: [C:\Users\jesus\AppData\Local\Temp\tomcat.8080.4677770020687572491\work\Tomcat\localhost\acme-toolkits-22.1] 
2022-06-03 14:01:37.352 DEBUG [org.apache.jasper.servlet.JspServlet@main] IMPORTANT: Do not modify the generated servlets 
2022-06-03 14:01:37.359 INFO  [acme.Launcher@main] Started Launcher in 4.697 seconds (JVM running for 4.961) 
2022-06-03 14:01:37.362 DEBUG [acme.Launcher@main] Found classpath entry '/C:/Users/jesus/Workspace-22.0/Projects/Acme-Toolkits-ControlCheck/target/test-classes/' 
2022-06-03 14:01:37.362 DEBUG [acme.Launcher@main] Found classpath entry '/C:/Users/jesus/Workspace-22.0/Projects/Acme-Toolkits-ControlCheck/target/classes/' 
2022-06-03 14:01:37.362 DEBUG [acme.Launcher@main] Found classpath entry '/C:/Users/jesus/Workspace-22.0/Frameworks/Acme-Framework-22.5/target/classes/' 
2022-06-03 14:01:37.362 DEBUG [acme.Launcher@main] Found classpath entry '/C:/Users/jesus/Workspace-22.0/Frameworks/Acme-Framework-22.5/target/test-classes/' 
2022-06-03 14:01:37.362 DEBUG [acme.Launcher@main] Found classpath entry '/C:/Users/jesus/.m2/repository/org/springframework/boot/spring-boot-starter-tomcat/2.4.2/spring-boot-starter-tomcat-2.4.2.jar' 
2022-06-03 14:01:37.362 DEBUG [acme.Launcher@main] Found classpath entry '/C:/Users/jesus/.m2/repository/jakarta/annotation/jakarta.annotation-api/1.3.5/jakarta.annotation-api-1.3.5.jar' 
2022-06-03 14:01:37.362 DEBUG [acme.Launcher@main] Found classpath entry '/C:/Users/jesus/.m2/repository/org/apache/tomcat/embed/tomcat-embed-core/9.0.41/tomcat-embed-core-9.0.41.jar' 
2022-06-03 14:01:37.362 DEBUG [acme.Launcher@main] Found classpath entry '/C:/Users/jesus/.m2/repository/org/glassfish/jakarta.el/3.0.3/jakarta.el-3.0.3.jar' 
2022-06-03 14:01:37.362 DEBUG [acme.Launcher@main] Found classpath entry '/C:/Users/jesus/.m2/repository/org/apache/tomcat/embed/tomcat-embed-websocket/9.0.41/tomcat-embed-websocket-9.0.41.jar' 
2022-06-03 14:01:37.363 DEBUG [acme.Launcher@main] Found classpath entry '/C:/Users/jesus/.m2/repository/org/apache/tomcat/embed/tomcat-embed-jasper/9.0.41/tomcat-embed-jasper-9.0.41.jar' 
2022-06-03 14:01:37.363 DEBUG [acme.Launcher@main] Found classpath entry '/C:/Users/jesus/.m2/repository/org/apache/tomcat/embed/tomcat-embed-el/9.0.41/tomcat-embed-el-9.0.41.jar' 
2022-06-03 14:01:37.363 DEBUG [acme.Launcher@main] Found classpath entry '/C:/Users/jesus/.m2/repository/org/eclipse/jdt/ecj/3.18.0/ecj-3.18.0.jar' 
2022-06-03 14:01:37.363 DEBUG [acme.Launcher@main] Found classpath entry '/C:/Users/jesus/.m2/repository/javax/servlet/jstl/1.2/jstl-1.2.jar' 
2022-06-03 14:01:37.363 DEBUG [acme.Launcher@main] Found classpath entry '/C:/Users/jesus/.m2/repository/org/springframework/boot/spring-boot-starter-test/2.4.2/spring-boot-starter-test-2.4.2.jar' 
2022-06-03 14:01:37.363 DEBUG [acme.Launcher@main] Found classpath entry '/C:/Users/jesus/.m2/repository/org/springframework/boot/spring-boot-starter/2.4.2/spring-boot-starter-2.4.2.jar' 
2022-06-03 14:01:37.363 DEBUG [acme.Launcher@main] Found classpath entry '/C:/Users/jesus/.m2/repository/org/springframework/boot/spring-boot/2.4.2/spring-boot-2.4.2.jar' 
2022-06-03 14:01:37.363 DEBUG [acme.Launcher@main] Found classpath entry '/C:/Users/jesus/.m2/repository/org/springframework/boot/spring-boot-autoconfigure/2.4.2/spring-boot-autoconfigure-2.4.2.jar' 
2022-06-03 14:01:37.363 DEBUG [acme.Launcher@main] Found classpath entry '/C:/Users/jesus/.m2/repository/org/springframework/boot/spring-boot-starter-logging/2.4.2/spring-boot-starter-logging-2.4.2.jar' 
2022-06-03 14:01:37.363 DEBUG [acme.Launcher@main] Found classpath entry '/C:/Users/jesus/.m2/repository/ch/qos/logback/logback-classic/1.2.3/logback-classic-1.2.3.jar' 
2022-06-03 14:01:37.363 DEBUG [acme.Launcher@main] Found classpath entry '/C:/Users/jesus/.m2/repository/ch/qos/logback/logback-core/1.2.3/logback-core-1.2.3.jar' 
2022-06-03 14:01:37.363 DEBUG [acme.Launcher@main] Found classpath entry '/C:/Users/jesus/.m2/repository/org/apache/logging/log4j/log4j-to-slf4j/2.13.3/log4j-to-slf4j-2.13.3.jar' 
2022-06-03 14:01:37.363 DEBUG [acme.Launcher@main] Found classpath entry '/C:/Users/jesus/.m2/repository/org/apache/logging/log4j/log4j-api/2.13.3/log4j-api-2.13.3.jar' 
2022-06-03 14:01:37.364 DEBUG [acme.Launcher@main] Found classpath entry '/C:/Users/jesus/.m2/repository/org/slf4j/jul-to-slf4j/1.7.30/jul-to-slf4j-1.7.30.jar' 
2022-06-03 14:01:37.364 DEBUG [acme.Launcher@main] Found classpath entry '/C:/Users/jesus/.m2/repository/org/yaml/snakeyaml/1.27/snakeyaml-1.27.jar' 
2022-06-03 14:01:37.364 DEBUG [acme.Launcher@main] Found classpath entry '/C:/Users/jesus/.m2/repository/org/springframework/boot/spring-boot-test/2.4.2/spring-boot-test-2.4.2.jar' 
2022-06-03 14:01:37.364 DEBUG [acme.Launcher@main] Found classpath entry '/C:/Users/jesus/.m2/repository/org/springframework/boot/spring-boot-test-autoconfigure/2.4.2/spring-boot-test-autoconfigure-2.4.2.jar' 
2022-06-03 14:01:37.364 DEBUG [acme.Launcher@main] Found classpath entry '/C:/Users/jesus/.m2/repository/com/jayway/jsonpath/json-path/2.4.0/json-path-2.4.0.jar' 
2022-06-03 14:01:37.364 DEBUG [acme.Launcher@main] Found classpath entry '/C:/Users/jesus/.m2/repository/net/minidev/json-smart/2.3/json-smart-2.3.jar' 
2022-06-03 14:01:37.364 DEBUG [acme.Launcher@main] Found classpath entry '/C:/Users/jesus/.m2/repository/net/minidev/accessors-smart/1.2/accessors-smart-1.2.jar' 
2022-06-03 14:01:37.365 DEBUG [acme.Launcher@main] Found classpath entry '/C:/Users/jesus/.m2/repository/org/ow2/asm/asm/5.0.4/asm-5.0.4.jar' 
2022-06-03 14:01:37.365 DEBUG [acme.Launcher@main] Found classpath entry '/C:/Users/jesus/.m2/repository/jakarta/xml/bind/jakarta.xml.bind-api/2.3.3/jakarta.xml.bind-api-2.3.3.jar' 
2022-06-03 14:01:37.365 DEBUG [acme.Launcher@main] Found classpath entry '/C:/Users/jesus/.m2/repository/jakarta/activation/jakarta.activation-api/1.2.2/jakarta.activation-api-1.2.2.jar' 
2022-06-03 14:01:37.365 DEBUG [acme.Launcher@main] Found classpath entry '/C:/Users/jesus/.m2/repository/org/assertj/assertj-core/3.18.1/assertj-core-3.18.1.jar' 
2022-06-03 14:01:37.365 DEBUG [acme.Launcher@main] Found classpath entry '/C:/Users/jesus/.m2/repository/org/hamcrest/hamcrest/2.2/hamcrest-2.2.jar' 
2022-06-03 14:01:37.365 DEBUG [acme.Launcher@main] Found classpath entry '/C:/Users/jesus/.m2/repository/org/junit/jupiter/junit-jupiter/5.7.0/junit-jupiter-5.7.0.jar' 
2022-06-03 14:01:37.365 DEBUG [acme.Launcher@main] Found classpath entry '/C:/Users/jesus/.m2/repository/org/mockito/mockito-core/3.6.28/mockito-core-3.6.28.jar' 
2022-06-03 14:01:37.365 DEBUG [acme.Launcher@main] Found classpath entry '/C:/Users/jesus/.m2/repository/net/bytebuddy/byte-buddy-agent/1.10.19/byte-buddy-agent-1.10.19.jar' 
2022-06-03 14:01:37.365 DEBUG [acme.Launcher@main] Found classpath entry '/C:/Users/jesus/.m2/repository/org/objenesis/objenesis/3.1/objenesis-3.1.jar' 
2022-06-03 14:01:37.365 DEBUG [acme.Launcher@main] Found classpath entry '/C:/Users/jesus/.m2/repository/org/mockito/mockito-junit-jupiter/3.6.28/mockito-junit-jupiter-3.6.28.jar' 
2022-06-03 14:01:37.365 DEBUG [acme.Launcher@main] Found classpath entry '/C:/Users/jesus/.m2/repository/org/skyscreamer/jsonassert/1.5.0/jsonassert-1.5.0.jar' 
2022-06-03 14:01:37.366 DEBUG [acme.Launcher@main] Found classpath entry '/C:/Users/jesus/.m2/repository/com/vaadin/external/google/android-json/0.0.20131108.vaadin1/android-json-0.0.20131108.vaadin1.jar' 
2022-06-03 14:01:37.366 DEBUG [acme.Launcher@main] Found classpath entry '/C:/Users/jesus/.m2/repository/org/springframework/spring-core/5.3.3/spring-core-5.3.3.jar' 
2022-06-03 14:01:37.366 DEBUG [acme.Launcher@main] Found classpath entry '/C:/Users/jesus/.m2/repository/org/springframework/spring-jcl/5.3.3/spring-jcl-5.3.3.jar' 
2022-06-03 14:01:37.366 DEBUG [acme.Launcher@main] Found classpath entry '/C:/Users/jesus/.m2/repository/org/springframework/spring-test/5.3.3/spring-test-5.3.3.jar' 
2022-06-03 14:01:37.366 DEBUG [acme.Launcher@main] Found classpath entry '/C:/Users/jesus/.m2/repository/org/xmlunit/xmlunit-core/2.7.0/xmlunit-core-2.7.0.jar' 
2022-06-03 14:01:37.366 DEBUG [acme.Launcher@main] Found classpath entry '/C:/Users/jesus/.m2/repository/org/springframework/boot/spring-boot-starter-security/2.4.2/spring-boot-starter-security-2.4.2.jar' 
2022-06-03 14:01:37.366 DEBUG [acme.Launcher@main] Found classpath entry '/C:/Users/jesus/.m2/repository/org/springframework/spring-aop/5.3.3/spring-aop-5.3.3.jar' 
2022-06-03 14:01:37.366 DEBUG [acme.Launcher@main] Found classpath entry '/C:/Users/jesus/.m2/repository/org/springframework/security/spring-security-web/5.4.2/spring-security-web-5.4.2.jar' 
2022-06-03 14:01:37.366 DEBUG [acme.Launcher@main] Found classpath entry '/C:/Users/jesus/.m2/repository/org/springframework/security/spring-security-core/5.4.2/spring-security-core-5.4.2.jar' 
2022-06-03 14:01:37.366 DEBUG [acme.Launcher@main] Found classpath entry '/C:/Users/jesus/.m2/repository/org/springframework/spring-beans/5.3.3/spring-beans-5.3.3.jar' 
2022-06-03 14:01:37.366 DEBUG [acme.Launcher@main] Found classpath entry '/C:/Users/jesus/.m2/repository/org/springframework/spring-context/5.3.3/spring-context-5.3.3.jar' 
2022-06-03 14:01:37.366 DEBUG [acme.Launcher@main] Found classpath entry '/C:/Users/jesus/.m2/repository/org/springframework/spring-expression/5.3.3/spring-expression-5.3.3.jar' 
2022-06-03 14:01:37.366 DEBUG [acme.Launcher@main] Found classpath entry '/C:/Users/jesus/.m2/repository/org/springframework/spring-web/5.3.3/spring-web-5.3.3.jar' 
2022-06-03 14:01:37.367 DEBUG [acme.Launcher@main] Found classpath entry '/C:/Users/jesus/.m2/repository/org/springframework/security/spring-security-config/5.4.2/spring-security-config-5.4.2.jar' 
2022-06-03 14:01:37.367 DEBUG [acme.Launcher@main] Found classpath entry '/C:/Users/jesus/.m2/repository/org/springframework/security/spring-security-taglibs/5.4.2/spring-security-taglibs-5.4.2.jar' 
2022-06-03 14:01:37.367 DEBUG [acme.Launcher@main] Found classpath entry '/C:/Users/jesus/.m2/repository/org/springframework/security/spring-security-acl/5.4.2/spring-security-acl-5.4.2.jar' 
2022-06-03 14:01:37.367 DEBUG [acme.Launcher@main] Found classpath entry '/C:/Users/jesus/.m2/repository/org/springframework/spring-jdbc/5.3.3/spring-jdbc-5.3.3.jar' 
2022-06-03 14:01:37.367 DEBUG [acme.Launcher@main] Found classpath entry '/C:/Users/jesus/.m2/repository/org/springframework/spring-tx/5.3.3/spring-tx-5.3.3.jar' 
2022-06-03 14:01:37.368 DEBUG [acme.Launcher@main] Found classpath entry '/C:/Users/jesus/.m2/repository/org/springframework/boot/spring-boot-starter-web/2.4.2/spring-boot-starter-web-2.4.2.jar' 
2022-06-03 14:01:37.368 DEBUG [acme.Launcher@main] Found classpath entry '/C:/Users/jesus/.m2/repository/org/springframework/boot/spring-boot-starter-json/2.4.2/spring-boot-starter-json-2.4.2.jar' 
2022-06-03 14:01:37.368 DEBUG [acme.Launcher@main] Found classpath entry '/C:/Users/jesus/.m2/repository/com/fasterxml/jackson/core/jackson-databind/2.11.4/jackson-databind-2.11.4.jar' 
2022-06-03 14:01:37.368 DEBUG [acme.Launcher@main] Found classpath entry '/C:/Users/jesus/.m2/repository/com/fasterxml/jackson/core/jackson-annotations/2.11.4/jackson-annotations-2.11.4.jar' 
2022-06-03 14:01:37.368 DEBUG [acme.Launcher@main] Found classpath entry '/C:/Users/jesus/.m2/repository/com/fasterxml/jackson/core/jackson-core/2.11.4/jackson-core-2.11.4.jar' 
2022-06-03 14:01:37.368 DEBUG [acme.Launcher@main] Found classpath entry '/C:/Users/jesus/.m2/repository/com/fasterxml/jackson/datatype/jackson-datatype-jdk8/2.11.4/jackson-datatype-jdk8-2.11.4.jar' 
2022-06-03 14:01:37.368 DEBUG [acme.Launcher@main] Found classpath entry '/C:/Users/jesus/.m2/repository/com/fasterxml/jackson/datatype/jackson-datatype-jsr310/2.11.4/jackson-datatype-jsr310-2.11.4.jar' 
2022-06-03 14:01:37.368 DEBUG [acme.Launcher@main] Found classpath entry '/C:/Users/jesus/.m2/repository/com/fasterxml/jackson/module/jackson-module-parameter-names/2.11.4/jackson-module-parameter-names-2.11.4.jar' 
2022-06-03 14:01:37.368 DEBUG [acme.Launcher@main] Found classpath entry '/C:/Users/jesus/.m2/repository/org/springframework/spring-webmvc/5.3.3/spring-webmvc-5.3.3.jar' 
2022-06-03 14:01:37.368 DEBUG [acme.Launcher@main] Found classpath entry '/C:/Users/jesus/.m2/repository/org/apache/tiles/tiles-jsp/3.0.8/tiles-jsp-3.0.8.jar' 
2022-06-03 14:01:37.369 DEBUG [acme.Launcher@main] Found classpath entry '/C:/Users/jesus/.m2/repository/org/apache/tiles/tiles-servlet/3.0.8/tiles-servlet-3.0.8.jar' 
2022-06-03 14:01:37.369 DEBUG [acme.Launcher@main] Found classpath entry '/C:/Users/jesus/.m2/repository/org/apache/tiles/tiles-core/3.0.8/tiles-core-3.0.8.jar' 
2022-06-03 14:01:37.369 DEBUG [acme.Launcher@main] Found classpath entry '/C:/Users/jesus/.m2/repository/commons-digester/commons-digester/2.0/commons-digester-2.0.jar' 
2022-06-03 14:01:37.369 DEBUG [acme.Launcher@main] Found classpath entry '/C:/Users/jesus/.m2/repository/org/slf4j/jcl-over-slf4j/1.7.30/jcl-over-slf4j-1.7.30.jar' 
2022-06-03 14:01:37.369 DEBUG [acme.Launcher@main] Found classpath entry '/C:/Users/jesus/.m2/repository/org/apache/tiles/tiles-request-servlet/1.0.7/tiles-request-servlet-1.0.7.jar' 
2022-06-03 14:01:37.369 DEBUG [acme.Launcher@main] Found classpath entry '/C:/Users/jesus/.m2/repository/org/apache/tiles/tiles-template/3.0.8/tiles-template-3.0.8.jar' 
2022-06-03 14:01:37.369 DEBUG [acme.Launcher@main] Found classpath entry '/C:/Users/jesus/.m2/repository/org/apache/tiles/tiles-api/3.0.8/tiles-api-3.0.8.jar' 
2022-06-03 14:01:37.369 DEBUG [acme.Launcher@main] Found classpath entry '/C:/Users/jesus/.m2/repository/org/apache/tiles/tiles-autotag-core-runtime/1.2/tiles-autotag-core-runtime-1.2.jar' 
2022-06-03 14:01:37.369 DEBUG [acme.Launcher@main] Found classpath entry '/C:/Users/jesus/.m2/repository/org/slf4j/slf4j-api/1.7.30/slf4j-api-1.7.30.jar' 
2022-06-03 14:01:37.369 DEBUG [acme.Launcher@main] Found classpath entry '/C:/Users/jesus/.m2/repository/org/apache/tiles/tiles-request-jsp/1.0.7/tiles-request-jsp-1.0.7.jar' 
2022-06-03 14:01:37.369 DEBUG [acme.Launcher@main] Found classpath entry '/C:/Users/jesus/.m2/repository/org/apache/tiles/tiles-request-api/1.0.7/tiles-request-api-1.0.7.jar' 
2022-06-03 14:01:37.369 DEBUG [acme.Launcher@main] Found classpath entry '/C:/Users/jesus/.m2/repository/org/springframework/boot/spring-boot-starter-data-jpa/2.4.2/spring-boot-starter-data-jpa-2.4.2.jar' 
2022-06-03 14:01:37.369 DEBUG [acme.Launcher@main] Found classpath entry '/C:/Users/jesus/.m2/repository/org/springframework/boot/spring-boot-starter-aop/2.4.2/spring-boot-starter-aop-2.4.2.jar' 
2022-06-03 14:01:37.369 DEBUG [acme.Launcher@main] Found classpath entry '/C:/Users/jesus/.m2/repository/org/aspectj/aspectjweaver/1.9.6/aspectjweaver-1.9.6.jar' 
2022-06-03 14:01:37.369 DEBUG [acme.Launcher@main] Found classpath entry '/C:/Users/jesus/.m2/repository/org/springframework/boot/spring-boot-starter-jdbc/2.4.2/spring-boot-starter-jdbc-2.4.2.jar' 
2022-06-03 14:01:37.369 DEBUG [acme.Launcher@main] Found classpath entry '/C:/Users/jesus/.m2/repository/jakarta/transaction/jakarta.transaction-api/1.3.3/jakarta.transaction-api-1.3.3.jar' 
2022-06-03 14:01:37.370 DEBUG [acme.Launcher@main] Found classpath entry '/C:/Users/jesus/.m2/repository/jakarta/persistence/jakarta.persistence-api/2.2.3/jakarta.persistence-api-2.2.3.jar' 
2022-06-03 14:01:37.370 DEBUG [acme.Launcher@main] Found classpath entry '/C:/Users/jesus/.m2/repository/org/hibernate/hibernate-core/5.4.27.Final/hibernate-core-5.4.27.Final.jar' 
2022-06-03 14:01:37.370 DEBUG [acme.Launcher@main] Found classpath entry '/C:/Users/jesus/.m2/repository/org/jboss/logging/jboss-logging/3.4.1.Final/jboss-logging-3.4.1.Final.jar' 
2022-06-03 14:01:37.370 DEBUG [acme.Launcher@main] Found classpath entry '/C:/Users/jesus/.m2/repository/org/javassist/javassist/3.27.0-GA/javassist-3.27.0-GA.jar' 
2022-06-03 14:01:37.370 DEBUG [acme.Launcher@main] Found classpath entry '/C:/Users/jesus/.m2/repository/antlr/antlr/2.7.7/antlr-2.7.7.jar' 
2022-06-03 14:01:37.370 DEBUG [acme.Launcher@main] Found classpath entry '/C:/Users/jesus/.m2/repository/org/jboss/jandex/2.1.3.Final/jandex-2.1.3.Final.jar' 
2022-06-03 14:01:37.370 DEBUG [acme.Launcher@main] Found classpath entry '/C:/Users/jesus/.m2/repository/com/fasterxml/classmate/1.5.1/classmate-1.5.1.jar' 
2022-06-03 14:01:37.370 DEBUG [acme.Launcher@main] Found classpath entry '/C:/Users/jesus/.m2/repository/org/dom4j/dom4j/2.1.3/dom4j-2.1.3.jar' 
2022-06-03 14:01:37.370 DEBUG [acme.Launcher@main] Found classpath entry '/C:/Users/jesus/.m2/repository/org/hibernate/common/hibernate-commons-annotations/5.1.2.Final/hibernate-commons-annotations-5.1.2.Final.jar' 
2022-06-03 14:01:37.370 DEBUG [acme.Launcher@main] Found classpath entry '/C:/Users/jesus/.m2/repository/org/glassfish/jaxb/jaxb-runtime/2.3.3/jaxb-runtime-2.3.3.jar' 
2022-06-03 14:01:37.370 DEBUG [acme.Launcher@main] Found classpath entry '/C:/Users/jesus/.m2/repository/org/glassfish/jaxb/txw2/2.3.3/txw2-2.3.3.jar' 
2022-06-03 14:01:37.370 DEBUG [acme.Launcher@main] Found classpath entry '/C:/Users/jesus/.m2/repository/com/sun/istack/istack-commons-runtime/3.0.11/istack-commons-runtime-3.0.11.jar' 
2022-06-03 14:01:37.370 DEBUG [acme.Launcher@main] Found classpath entry '/C:/Users/jesus/.m2/repository/com/sun/activation/jakarta.activation/1.2.2/jakarta.activation-1.2.2.jar' 
2022-06-03 14:01:37.370 DEBUG [acme.Launcher@main] Found classpath entry '/C:/Users/jesus/.m2/repository/org/springframework/data/spring-data-jpa/2.4.3/spring-data-jpa-2.4.3.jar' 
2022-06-03 14:01:37.370 DEBUG [acme.Launcher@main] Found classpath entry '/C:/Users/jesus/.m2/repository/org/springframework/data/spring-data-commons/2.4.3/spring-data-commons-2.4.3.jar' 
2022-06-03 14:01:37.370 DEBUG [acme.Launcher@main] Found classpath entry '/C:/Users/jesus/.m2/repository/org/springframework/spring-orm/5.3.3/spring-orm-5.3.3.jar' 
2022-06-03 14:01:37.370 DEBUG [acme.Launcher@main] Found classpath entry '/C:/Users/jesus/.m2/repository/org/springframework/spring-aspects/5.3.3/spring-aspects-5.3.3.jar' 
2022-06-03 14:01:37.371 DEBUG [acme.Launcher@main] Found classpath entry '/C:/Users/jesus/.m2/repository/org/springframework/boot/spring-boot-starter-validation/2.4.2/spring-boot-starter-validation-2.4.2.jar' 
2022-06-03 14:01:37.371 DEBUG [acme.Launcher@main] Found classpath entry '/C:/Users/jesus/.m2/repository/org/hibernate/validator/hibernate-validator/6.1.7.Final/hibernate-validator-6.1.7.Final.jar' 
2022-06-03 14:01:37.371 DEBUG [acme.Launcher@main] Found classpath entry '/C:/Users/jesus/.m2/repository/jakarta/validation/jakarta.validation-api/2.0.2/jakarta.validation-api-2.0.2.jar' 
2022-06-03 14:01:37.371 DEBUG [acme.Launcher@main] Found classpath entry '/C:/Users/jesus/.m2/repository/mysql/mysql-connector-java/8.0.22/mysql-connector-java-8.0.22.jar' 
2022-06-03 14:01:37.371 DEBUG [acme.Launcher@main] Found classpath entry '/C:/Users/jesus/.m2/repository/com/zaxxer/HikariCP/3.4.5/HikariCP-3.4.5.jar' 
2022-06-03 14:01:37.371 DEBUG [acme.Launcher@main] Found classpath entry '/C:/Users/jesus/.m2/repository/org/junit/jupiter/junit-jupiter-engine/5.7.0/junit-jupiter-engine-5.7.0.jar' 
2022-06-03 14:01:37.371 DEBUG [acme.Launcher@main] Found classpath entry '/C:/Users/jesus/.m2/repository/org/apiguardian/apiguardian-api/1.1.0/apiguardian-api-1.1.0.jar' 
2022-06-03 14:01:37.371 DEBUG [acme.Launcher@main] Found classpath entry '/C:/Users/jesus/.m2/repository/org/junit/platform/junit-platform-engine/1.7.0/junit-platform-engine-1.7.0.jar' 
2022-06-03 14:01:37.371 DEBUG [acme.Launcher@main] Found classpath entry '/C:/Users/jesus/.m2/repository/org/junit/jupiter/junit-jupiter-api/5.7.0/junit-jupiter-api-5.7.0.jar' 
2022-06-03 14:01:37.371 DEBUG [acme.Launcher@main] Found classpath entry '/C:/Users/jesus/.m2/repository/org/opentest4j/opentest4j/1.2.0/opentest4j-1.2.0.jar' 
2022-06-03 14:01:37.371 DEBUG [acme.Launcher@main] Found classpath entry '/C:/Users/jesus/.m2/repository/org/junit/platform/junit-platform-commons/1.7.0/junit-platform-commons-1.7.0.jar' 
2022-06-03 14:01:37.371 DEBUG [acme.Launcher@main] Found classpath entry '/C:/Users/jesus/.m2/repository/org/junit/jupiter/junit-jupiter-params/5.7.0/junit-jupiter-params-5.7.0.jar' 
2022-06-03 14:01:37.371 DEBUG [acme.Launcher@main] Found classpath entry '/C:/Users/jesus/.m2/repository/org/junit/platform/junit-platform-launcher/1.7.0/junit-platform-launcher-1.7.0.jar' 
2022-06-03 14:01:37.371 DEBUG [acme.Launcher@main] Found classpath entry '/C:/Users/jesus/.m2/repository/org/seleniumhq/selenium/selenium-java/3.141.59/selenium-java-3.141.59.jar' 
2022-06-03 14:01:37.371 DEBUG [acme.Launcher@main] Found classpath entry '/C:/Users/jesus/.m2/repository/org/seleniumhq/selenium/selenium-api/3.141.59/selenium-api-3.141.59.jar' 
2022-06-03 14:01:37.371 DEBUG [acme.Launcher@main] Found classpath entry '/C:/Users/jesus/.m2/repository/org/seleniumhq/selenium/selenium-chrome-driver/3.141.59/selenium-chrome-driver-3.141.59.jar' 
2022-06-03 14:01:37.371 DEBUG [acme.Launcher@main] Found classpath entry '/C:/Users/jesus/.m2/repository/org/seleniumhq/selenium/selenium-edge-driver/3.141.59/selenium-edge-driver-3.141.59.jar' 
2022-06-03 14:01:37.372 DEBUG [acme.Launcher@main] Found classpath entry '/C:/Users/jesus/.m2/repository/org/seleniumhq/selenium/selenium-firefox-driver/3.141.59/selenium-firefox-driver-3.141.59.jar' 
2022-06-03 14:01:37.372 DEBUG [acme.Launcher@main] Found classpath entry '/C:/Users/jesus/.m2/repository/org/seleniumhq/selenium/selenium-ie-driver/3.141.59/selenium-ie-driver-3.141.59.jar' 
2022-06-03 14:01:37.372 DEBUG [acme.Launcher@main] Found classpath entry '/C:/Users/jesus/.m2/repository/org/seleniumhq/selenium/selenium-opera-driver/3.141.59/selenium-opera-driver-3.141.59.jar' 
2022-06-03 14:01:37.372 DEBUG [acme.Launcher@main] Found classpath entry '/C:/Users/jesus/.m2/repository/org/seleniumhq/selenium/selenium-remote-driver/3.141.59/selenium-remote-driver-3.141.59.jar' 
2022-06-03 14:01:37.373 DEBUG [acme.Launcher@main] Found classpath entry '/C:/Users/jesus/.m2/repository/org/seleniumhq/selenium/selenium-safari-driver/3.141.59/selenium-safari-driver-3.141.59.jar' 
2022-06-03 14:01:37.373 DEBUG [acme.Launcher@main] Found classpath entry '/C:/Users/jesus/.m2/repository/org/seleniumhq/selenium/selenium-support/3.141.59/selenium-support-3.141.59.jar' 
2022-06-03 14:01:37.373 DEBUG [acme.Launcher@main] Found classpath entry '/C:/Users/jesus/.m2/repository/net/bytebuddy/byte-buddy/1.10.19/byte-buddy-1.10.19.jar' 
2022-06-03 14:01:37.373 DEBUG [acme.Launcher@main] Found classpath entry '/C:/Users/jesus/.m2/repository/org/apache/commons/commons-exec/1.3/commons-exec-1.3.jar' 
2022-06-03 14:01:37.373 DEBUG [acme.Launcher@main] Found classpath entry '/C:/Users/jesus/.m2/repository/com/google/guava/guava/25.0-jre/guava-25.0-jre.jar' 
2022-06-03 14:01:37.373 DEBUG [acme.Launcher@main] Found classpath entry '/C:/Users/jesus/.m2/repository/com/google/code/findbugs/jsr305/1.3.9/jsr305-1.3.9.jar' 
2022-06-03 14:01:37.373 DEBUG [acme.Launcher@main] Found classpath entry '/C:/Users/jesus/.m2/repository/org/checkerframework/checker-compat-qual/2.0.0/checker-compat-qual-2.0.0.jar' 
2022-06-03 14:01:37.373 DEBUG [acme.Launcher@main] Found classpath entry '/C:/Users/jesus/.m2/repository/com/google/errorprone/error_prone_annotations/2.1.3/error_prone_annotations-2.1.3.jar' 
2022-06-03 14:01:37.373 DEBUG [acme.Launcher@main] Found classpath entry '/C:/Users/jesus/.m2/repository/com/google/j2objc/j2objc-annotations/1.1/j2objc-annotations-1.1.jar' 
2022-06-03 14:01:37.373 DEBUG [acme.Launcher@main] Found classpath entry '/C:/Users/jesus/.m2/repository/org/codehaus/mojo/animal-sniffer-annotations/1.14/animal-sniffer-annotations-1.14.jar' 
2022-06-03 14:01:37.373 DEBUG [acme.Launcher@main] Found classpath entry '/C:/Users/jesus/.m2/repository/com/squareup/okhttp3/okhttp/3.14.9/okhttp-3.14.9.jar' 
2022-06-03 14:01:37.374 DEBUG [acme.Launcher@main] Found classpath entry '/C:/Users/jesus/.m2/repository/com/squareup/okio/okio/1.14.0/okio-1.14.0.jar' 
2022-06-03 14:01:37.374 DEBUG [acme.Launcher@main] Found classpath entry '/C:/Users/jesus/.m2/repository/org/apache/commons/commons-lang3/3.11/commons-lang3-3.11.jar' 
2022-06-03 14:01:37.374 DEBUG [acme.Launcher@main] Found classpath entry '/C:/Users/jesus/.m2/repository/org/apache/commons/commons-text/1.8/commons-text-1.8.jar' 
2022-06-03 14:01:37.374 DEBUG [acme.Launcher@main] Found classpath entry '/C:/Users/jesus/.m2/repository/commons-io/commons-io/2.6/commons-io-2.6.jar' 
2022-06-03 14:01:37.374 DEBUG [acme.Launcher@main] Found classpath entry '/C:/Users/jesus/.m2/repository/commons-cli/commons-cli/1.4/commons-cli-1.4.jar' 
2022-06-03 14:01:37.374 DEBUG [acme.Launcher@main] Found classpath entry '/C:/Users/jesus/.m2/repository/org/projectlombok/lombok/1.18.16/lombok-1.18.16.jar' 
2022-06-03 14:01:37.374 DEBUG [acme.Launcher@main] Found classpath entry '/C:/Users/jesus/.m2/repository/com/opencsv/opencsv/5.4/opencsv-5.4.jar' 
2022-06-03 14:01:37.374 DEBUG [acme.Launcher@main] Found classpath entry '/C:/Users/jesus/.m2/repository/commons-beanutils/commons-beanutils/1.9.4/commons-beanutils-1.9.4.jar' 
2022-06-03 14:01:37.374 DEBUG [acme.Launcher@main] Found classpath entry '/C:/Users/jesus/.m2/repository/commons-logging/commons-logging/1.2/commons-logging-1.2.jar' 
2022-06-03 14:01:37.374 DEBUG [acme.Launcher@main] Found classpath entry '/C:/Users/jesus/.m2/repository/commons-collections/commons-collections/3.2.2/commons-collections-3.2.2.jar' 
2022-06-03 14:01:37.374 DEBUG [acme.Launcher@main] Found classpath entry '/C:/Users/jesus/.m2/repository/org/apache/commons/commons-collections4/4.4/commons-collections4-4.4.jar' 
2022-06-03 14:01:37.374 DEBUG [acme.Launcher@main] Found classpath entry '/C:/Users/jesus/Workspace-22.0/Projects/Acme-Toolkits-ControlCheck/src/main/resources/spamDetector.jar' 
2022-06-03 14:01:37.420 DEBUG [acme.Launcher@main] Found entity class 'acme.entities.announcement.Announcement 
2022-06-03 14:01:37.421 DEBUG [acme.Launcher@main] Found entity class 'acme.entities.chirps.Chirp 
2022-06-03 14:01:37.421 DEBUG [acme.Launcher@main] Found entity class 'acme.entities.inventions.Invention 
2022-06-03 14:01:37.421 DEBUG [acme.Launcher@main] Found entity class 'acme.entities.patronage.Patronage 
2022-06-03 14:01:37.421 DEBUG [acme.Launcher@main] Found entity class 'acme.entities.patronageReports.PatronageReport 
2022-06-03 14:01:37.421 DEBUG [acme.Launcher@main] Found entity class 'acme.entities.peman.Peman 
2022-06-03 14:01:37.421 DEBUG [acme.Launcher@main] Found entity class 'acme.entities.quantity.Quantity 
2022-06-03 14:01:37.421 DEBUG [acme.Launcher@main] Found entity class 'acme.entities.systemConfiguration.SystemConfiguration 
2022-06-03 14:01:37.421 DEBUG [acme.Launcher@main] Found entity class 'acme.entities.toolkits.Toolkit 
2022-06-03 14:01:37.421 DEBUG [acme.Launcher@main] Found entity class 'acme.roles.Consumer 
2022-06-03 14:01:37.421 DEBUG [acme.Launcher@main] Found entity class 'acme.roles.Inventor 
2022-06-03 14:01:37.421 DEBUG [acme.Launcher@main] Found entity class 'acme.roles.Patron 
2022-06-03 14:01:37.421 DEBUG [acme.Launcher@main] Found entity class 'acme.roles.Provider 
2022-06-03 14:01:37.421 DEBUG [acme.Launcher@main] Found entity class 'acme.framework.entities.UserAccount 
2022-06-03 14:01:37.421 DEBUG [acme.Launcher@main] Found entity class 'acme.framework.roles.Administrator 
2022-06-03 14:01:37.421 DEBUG [acme.Launcher@main] Found entity class 'acme.framework.roles.Anonymous 
2022-06-03 14:01:37.421 DEBUG [acme.Launcher@main] Found entity class 'acme.framework.roles.Any 
2022-06-03 14:01:37.421 DEBUG [acme.Launcher@main] Found entity class 'acme.framework.roles.Authenticated 
2022-06-03 14:01:37.423 INFO  [acme.Launcher@main] Running application (Standalone) 
2022-06-03 14:01:42.965 DEBUG [acme.framework.controllers.AbstractController@http-nio-8080-exec-1] DISPATCHING GET /acme-toolkits-22.1/administrator/administrator-dashboard/show 
2022-06-03 14:01:42.965 DEBUG [acme.framework.controllers.AbstractController@http-nio-8080-exec-1] Command: show 
2022-06-03 14:01:42.965 DEBUG [acme.framework.controllers.AbstractController@http-nio-8080-exec-1] Model:   {} 
2022-06-03 14:01:42.965 DEBUG [acme.framework.controllers.AbstractController@http-nio-8080-exec-1] Locale:  en 
2022-06-03 14:01:42.990 DEBUG [org.hibernate.SQL@http-nio-8080-exec-1] select useraccoun0_.id as id1_0_, useraccoun0_.version as version2_0_, useraccoun0_.enabled as enabled1_18_, useraccoun0_.identity as identity2_18_, useraccoun0_.password as password3_18_, useraccoun0_.username as username4_18_ from user_account useraccoun0_ where useraccoun0_.username=? 
2022-06-03 14:01:42.999 TRACE [org.hibernate.type.descriptor.sql.BasicBinder@http-nio-8080-exec-1] binding parameter [1] as [VARCHAR] - [anonymous] 
2022-06-03 14:01:43.020 DEBUG [org.hibernate.SQL@http-nio-8080-exec-1] select roles0_.user_account_id as user_acc1_19_0_, roles0_.id as id1_19_0_, roles0_.id as id1_0_1_, roles0_.version as version2_0_1_, roles0_.user_account_id as user_acc1_19_1_, roles0_.company as company1_7_1_, roles0_.sector as sector2_7_1_, roles0_.company as company1_9_1_, roles0_.link as link2_9_1_, roles0_.statement as statemen3_9_1_, roles0_.company as company1_10_1_, roles0_.link as link2_10_1_, roles0_.statement as statemen3_10_1_, roles0_.company as company1_14_1_, roles0_.sector as sector2_14_1_, roles0_.clazz_ as clazz_1_ from ( select id, version, user_account_id, company, sector, null as link, null as statement, 11 as clazz_ from consumer union all select id, version, user_account_id, company, null as sector, link, statement, 12 as clazz_ from inventor union all select id, version, user_account_id, company, null as sector, link, statement, 13 as clazz_ from patron union all select id, version, user_account_id, company, sector, null as link, null as statement, 14 as clazz_ from provider union all select id, version, user_account_id, null as company, null as sector, null as link, null as statement, 16 as clazz_ from administrator union all select id, version, user_account_id, null as company, null as sector, null as link, null as statement, 17 as clazz_ from anonymous union all select id, version, user_account_id, null as company, null as sector, null as link, null as statement, 18 as clazz_ from any union all select id, version, user_account_id, null as company, null as sector, null as link, null as statement, 19 as clazz_ from authenticated ) roles0_ where roles0_.user_account_id=? 
2022-06-03 14:01:43.020 TRACE [org.hibernate.type.descriptor.sql.BasicBinder@http-nio-8080-exec-1] binding parameter [1] as [INTEGER] - [1] 
2022-06-03 14:01:43.033 DEBUG [acme.framework.configuration.ExtendedMessageSource@http-nio-8080-exec-1] Loading properties [C:\Users\jesus\Workspace-22.0\Projects\Acme-Toolkits-ControlCheck\target\classes\WEB-INF\views\administrator\administrator-dashboard\messages-en.i18n] with encoding 'utf-8' 
2022-06-03 14:01:43.034 DEBUG [acme.framework.configuration.ExtendedMessageSource@http-nio-8080-exec-1] Loading properties [C:\Users\jesus\Workspace-22.0\Projects\Acme-Toolkits-ControlCheck\target\classes\WEB-INF\views\administrator\announcement\messages-en.i18n] with encoding 'utf-8' 
2022-06-03 14:01:43.034 DEBUG [acme.framework.configuration.ExtendedMessageSource@http-nio-8080-exec-1] Loading properties [C:\Users\jesus\Workspace-22.0\Projects\Acme-Toolkits-ControlCheck\target\classes\WEB-INF\views\administrator\system-configuration\messages-en.i18n] with encoding 'utf-8' 
2022-06-03 14:01:43.035 DEBUG [acme.framework.configuration.ExtendedMessageSource@http-nio-8080-exec-1] Loading properties [C:\Users\jesus\Workspace-22.0\Projects\Acme-Toolkits-ControlCheck\target\classes\WEB-INF\views\administrator\user-account\messages-en.i18n] with encoding 'utf-8' 
2022-06-03 14:01:43.035 DEBUG [acme.framework.configuration.ExtendedMessageSource@http-nio-8080-exec-1] Loading properties [C:\Users\jesus\Workspace-22.0\Projects\Acme-Toolkits-ControlCheck\target\classes\WEB-INF\views\anonymous\user-account\messages-en.i18n] with encoding 'utf-8' 
2022-06-03 14:01:43.035 DEBUG [acme.framework.configuration.ExtendedMessageSource@http-nio-8080-exec-1] Loading properties [C:\Users\jesus\Workspace-22.0\Projects\Acme-Toolkits-ControlCheck\target\classes\WEB-INF\views\any\chirp\messsages-en.i18n] with encoding 'utf-8' 
2022-06-03 14:01:43.035 DEBUG [acme.framework.configuration.ExtendedMessageSource@http-nio-8080-exec-1] Loading properties [C:\Users\jesus\Workspace-22.0\Projects\Acme-Toolkits-ControlCheck\target\classes\WEB-INF\views\any\invention\messsages-en.i18n] with encoding 'utf-8' 
2022-06-03 14:01:43.036 DEBUG [acme.framework.configuration.ExtendedMessageSource@http-nio-8080-exec-1] Loading properties [C:\Users\jesus\Workspace-22.0\Projects\Acme-Toolkits-ControlCheck\target\classes\WEB-INF\views\any\toolkit\messages-en.i18n] with encoding 'utf-8' 
2022-06-03 14:01:43.036 DEBUG [acme.framework.configuration.ExtendedMessageSource@http-nio-8080-exec-1] Loading properties [C:\Users\jesus\Workspace-22.0\Projects\Acme-Toolkits-ControlCheck\target\classes\WEB-INF\views\any\user-account\messages-en.i18n] with encoding 'utf-8' 
2022-06-03 14:01:43.036 DEBUG [acme.framework.configuration.ExtendedMessageSource@http-nio-8080-exec-1] Loading properties [C:\Users\jesus\Workspace-22.0\Projects\Acme-Toolkits-ControlCheck\target\classes\WEB-INF\views\authenticated\announcement\messages-en.i18n] with encoding 'utf-8' 
2022-06-03 14:01:43.037 DEBUG [acme.framework.configuration.ExtendedMessageSource@http-nio-8080-exec-1] Loading properties [C:\Users\jesus\Workspace-22.0\Projects\Acme-Toolkits-ControlCheck\target\classes\WEB-INF\views\authenticated\consumer\messsages-en.i18n] with encoding 'utf-8' 
2022-06-03 14:01:43.037 DEBUG [acme.framework.configuration.ExtendedMessageSource@http-nio-8080-exec-1] Loading properties [C:\Users\jesus\Workspace-22.0\Projects\Acme-Toolkits-ControlCheck\target\classes\WEB-INF\views\authenticated\inventor\messsages-en.i18n] with encoding 'utf-8' 
2022-06-03 14:01:43.037 DEBUG [acme.framework.configuration.ExtendedMessageSource@http-nio-8080-exec-1] Loading properties [C:\Users\jesus\Workspace-22.0\Projects\Acme-Toolkits-ControlCheck\target\classes\WEB-INF\views\authenticated\patron\messsages-en.i18n] with encoding 'utf-8' 
2022-06-03 14:01:43.037 DEBUG [acme.framework.configuration.ExtendedMessageSource@http-nio-8080-exec-1] Loading properties [C:\Users\jesus\Workspace-22.0\Projects\Acme-Toolkits-ControlCheck\target\classes\WEB-INF\views\authenticated\provider\messsages-en.i18n] with encoding 'utf-8' 
2022-06-03 14:01:43.038 DEBUG [acme.framework.configuration.ExtendedMessageSource@http-nio-8080-exec-1] Loading properties [C:\Users\jesus\Workspace-22.0\Projects\Acme-Toolkits-ControlCheck\target\classes\WEB-INF\views\authenticated\system-configuration\messages-en.i18n] with encoding 'utf-8' 
2022-06-03 14:01:43.038 DEBUG [acme.framework.configuration.ExtendedMessageSource@http-nio-8080-exec-1] Loading properties [C:\Users\jesus\Workspace-22.0\Projects\Acme-Toolkits-ControlCheck\target\classes\WEB-INF\views\authenticated\user-account\messages-en.i18n] with encoding 'utf-8' 
2022-06-03 14:01:43.038 DEBUG [acme.framework.configuration.ExtendedMessageSource@http-nio-8080-exec-1] Loading properties [C:\Users\jesus\Workspace-22.0\Projects\Acme-Toolkits-ControlCheck\target\classes\WEB-INF\views\fragments\banner-en.i18n] with encoding 'utf-8' 
2022-06-03 14:01:43.038 DEBUG [acme.framework.configuration.ExtendedMessageSource@http-nio-8080-exec-1] Loading properties [C:\Users\jesus\Workspace-22.0\Projects\Acme-Toolkits-ControlCheck\target\classes\WEB-INF\views\fragments\company-en.i18n] with encoding 'utf-8' 
2022-06-03 14:01:43.039 DEBUG [acme.framework.configuration.ExtendedMessageSource@http-nio-8080-exec-1] Loading properties [C:\Users\jesus\Workspace-22.0\Projects\Acme-Toolkits-ControlCheck\target\classes\WEB-INF\views\fragments\footer-en.i18n] with encoding 'utf-8' 
2022-06-03 14:01:43.039 DEBUG [acme.framework.configuration.ExtendedMessageSource@http-nio-8080-exec-1] Loading properties [C:\Users\jesus\Workspace-22.0\Projects\Acme-Toolkits-ControlCheck\target\classes\WEB-INF\views\fragments\license-en.i18n] with encoding 'utf-8' 
2022-06-03 14:01:43.039 DEBUG [acme.framework.configuration.ExtendedMessageSource@http-nio-8080-exec-1] Loading properties [C:\Users\jesus\Workspace-22.0\Projects\Acme-Toolkits-ControlCheck\target\classes\WEB-INF\views\fragments\menu-en.i18n] with encoding 'utf-8' 
2022-06-03 14:01:43.040 DEBUG [acme.framework.configuration.ExtendedMessageSource@http-nio-8080-exec-1] Loading properties [C:\Users\jesus\Workspace-22.0\Projects\Acme-Toolkits-ControlCheck\target\classes\WEB-INF\views\fragments\messsages-en.i18n] with encoding 'utf-8' 
2022-06-03 14:01:43.040 DEBUG [acme.framework.configuration.ExtendedMessageSource@http-nio-8080-exec-1] Loading properties [C:\Users\jesus\Workspace-22.0\Projects\Acme-Toolkits-ControlCheck\target\classes\WEB-INF\views\fragments\title-en.i18n] with encoding 'utf-8' 
2022-06-03 14:01:43.040 DEBUG [acme.framework.configuration.ExtendedMessageSource@http-nio-8080-exec-1] Loading properties [C:\Users\jesus\Workspace-22.0\Projects\Acme-Toolkits-ControlCheck\target\classes\WEB-INF\views\fragments\welcome-en.i18n] with encoding 'utf-8' 
2022-06-03 14:01:43.040 DEBUG [acme.framework.configuration.ExtendedMessageSource@http-nio-8080-exec-1] Loading properties [C:\Users\jesus\Workspace-22.0\Projects\Acme-Toolkits-ControlCheck\target\classes\WEB-INF\views\inventor\invention\messages-en.i18n] with encoding 'utf-8' 
2022-06-03 14:01:43.040 DEBUG [acme.framework.configuration.ExtendedMessageSource@http-nio-8080-exec-1] Loading properties [C:\Users\jesus\Workspace-22.0\Projects\Acme-Toolkits-ControlCheck\target\classes\WEB-INF\views\inventor\patronage\messages-en.i18n] with encoding 'utf-8' 
2022-06-03 14:01:43.041 DEBUG [acme.framework.configuration.ExtendedMessageSource@http-nio-8080-exec-1] Loading properties [C:\Users\jesus\Workspace-22.0\Projects\Acme-Toolkits-ControlCheck\target\classes\WEB-INF\views\inventor\patronage-report\messages-en.i18n] with encoding 'utf-8' 
2022-06-03 14:01:43.041 DEBUG [acme.framework.configuration.ExtendedMessageSource@http-nio-8080-exec-1] Loading properties [C:\Users\jesus\Workspace-22.0\Projects\Acme-Toolkits-ControlCheck\target\classes\WEB-INF\views\inventor\quantity\messages-en.i18n] with encoding 'utf-8' 
2022-06-03 14:01:43.041 DEBUG [acme.framework.configuration.ExtendedMessageSource@http-nio-8080-exec-1] Loading properties [C:\Users\jesus\Workspace-22.0\Projects\Acme-Toolkits-ControlCheck\target\classes\WEB-INF\views\inventor\toolkit\messages-en.i18n] with encoding 'utf-8' 
2022-06-03 14:01:43.041 DEBUG [acme.framework.configuration.ExtendedMessageSource@http-nio-8080-exec-1] Loading properties [C:\Users\jesus\Workspace-22.0\Projects\Acme-Toolkits-ControlCheck\target\classes\WEB-INF\views\master\defaults-en.i18n] with encoding 'utf-8' 
2022-06-03 14:01:43.042 DEBUG [acme.framework.configuration.ExtendedMessageSource@http-nio-8080-exec-1] Loading properties [C:\Users\jesus\Workspace-22.0\Projects\Acme-Toolkits-ControlCheck\target\classes\WEB-INF\views\master\master-en.i18n] with encoding 'utf-8' 
2022-06-03 14:01:43.042 DEBUG [acme.framework.configuration.ExtendedMessageSource@http-nio-8080-exec-1] Loading properties [C:\Users\jesus\Workspace-22.0\Projects\Acme-Toolkits-ControlCheck\target\classes\WEB-INF\views\master\throwables-en.i18n] with encoding 'utf-8' 
2022-06-03 14:01:43.042 DEBUG [acme.framework.configuration.ExtendedMessageSource@http-nio-8080-exec-1] Loading properties [C:\Users\jesus\Workspace-22.0\Projects\Acme-Toolkits-ControlCheck\target\classes\WEB-INF\views\master\validation-en.i18n] with encoding 'utf-8' 
2022-06-03 14:01:43.042 DEBUG [acme.framework.configuration.ExtendedMessageSource@http-nio-8080-exec-1] Loading properties [C:\Users\jesus\Workspace-22.0\Projects\Acme-Toolkits-ControlCheck\target\classes\WEB-INF\views\patron\patron-dashboard\messages-en.i18n] with encoding 'utf-8' 
2022-06-03 14:01:43.042 DEBUG [acme.framework.configuration.ExtendedMessageSource@http-nio-8080-exec-1] Loading properties [C:\Users\jesus\Workspace-22.0\Projects\Acme-Toolkits-ControlCheck\target\classes\WEB-INF\views\patron\patronage\messages-en.i18n] with encoding 'utf-8' 
2022-06-03 14:01:43.043 DEBUG [acme.framework.configuration.ExtendedMessageSource@http-nio-8080-exec-1] Loading properties [C:\Users\jesus\Workspace-22.0\Projects\Acme-Toolkits-ControlCheck\target\classes\WEB-INF\views\patron\patronage-report\messages-en.i18n] with encoding 'utf-8' 
2022-06-03 14:01:43.045 DEBUG [acme.framework.controllers.AbstractController@http-nio-8080-exec-1] SERVING GET /acme-toolkits-22.1/administrator/administrator-dashboard/show 
2022-06-03 14:01:43.045 DEBUG [acme.framework.controllers.AbstractController@http-nio-8080-exec-1] Result: ModelAndView [view="master/panic"; model={oops=java.lang.IllegalStateException: Access is not authorised}] 
2022-06-03 14:01:43.054 DEBUG [acme.framework.components.tiles.DynamicTilesView@http-nio-8080-exec-1] View name 'master/panic', model {oops=java.lang.IllegalStateException: Access is not authorised, org.springframework.validation.BindingResult.oops=org.springframework.validation.BeanPropertyBindingResult: 0 errors} 
2022-06-03 14:01:43.062 DEBUG [org.apache.tiles.definition.dao.BaseLocaleUrlDefinitionDAO@http-nio-8080-exec-1] File Resource file:/C:/Users/jesus/Workspace-22.0/Projects/Acme-Toolkits-ControlCheck/target/classes/WEB-INF/views/master/tiles_en.xml at file:/C:/Users/jesus/Workspace-22.0/Projects/Acme-Toolkits-ControlCheck/target/classes/WEB-INF/views/master/tiles_en.xml not found, continue 
2022-06-03 14:01:43.065 DEBUG [org.apache.jasper.servlet.JspServlet@http-nio-8080-exec-1] JspEngine --> /WEB-INF/views/master/page.jsp 
2022-06-03 14:01:43.065 DEBUG [org.apache.jasper.servlet.JspServlet@http-nio-8080-exec-1] ServletPath: /WEB-INF/views/master/page.jsp 
2022-06-03 14:01:43.065 DEBUG [org.apache.jasper.servlet.JspServlet@http-nio-8080-exec-1] PathInfo: null 
2022-06-03 14:01:43.066 DEBUG [org.apache.jasper.servlet.JspServlet@http-nio-8080-exec-1] RealPath: C:\Users\jesus\Workspace-22.0\Projects\Acme-Toolkits-ControlCheck\target\classes\WEB-INF\views\master\page.jsp 
2022-06-03 14:01:43.066 DEBUG [org.apache.jasper.servlet.JspServlet@http-nio-8080-exec-1] RequestURI: /acme-toolkits-22.1/WEB-INF/views/master/page.jsp 
2022-06-03 14:01:43.066 DEBUG [org.apache.jasper.servlet.JspServlet@http-nio-8080-exec-1] QueryString: null 
2022-06-03 14:01:44.706 DEBUG [org.apache.jasper.servlet.JspServlet@http-nio-8080-exec-1] JspEngine --> /WEB-INF/views/master/panic.jsp 
2022-06-03 14:01:44.706 DEBUG [org.apache.jasper.servlet.JspServlet@http-nio-8080-exec-1] ServletPath: /WEB-INF/views/master/page.jsp 
2022-06-03 14:01:44.706 DEBUG [org.apache.jasper.servlet.JspServlet@http-nio-8080-exec-1] PathInfo: null 
2022-06-03 14:01:44.707 DEBUG [org.apache.jasper.servlet.JspServlet@http-nio-8080-exec-1] RealPath: C:\Users\jesus\Workspace-22.0\Projects\Acme-Toolkits-ControlCheck\target\classes\WEB-INF\views\master\panic.jsp 
2022-06-03 14:01:44.707 DEBUG [org.apache.jasper.servlet.JspServlet@http-nio-8080-exec-1] RequestURI: /acme-toolkits-22.1/WEB-INF/views/master/page.jsp 
2022-06-03 14:01:44.707 DEBUG [org.apache.jasper.servlet.JspServlet@http-nio-8080-exec-1] QueryString: null 
2022-06-03 14:01:44.815 ERROR [org.apache.jsp.WEB_002dINF.views.master.panic_jsp@http-nio-8080-exec-1] HTTP GET /acme-toolkits-22.1/WEB-INF/views/master/page.jsp HTTP/1.1 
2022-06-03 14:01:44.815 ERROR [org.apache.jsp.WEB_002dINF.views.master.panic_jsp@http-nio-8080-exec-1] Status: 500 
2022-06-03 14:01:44.816 ERROR [org.apache.jsp.WEB_002dINF.views.master.panic_jsp@http-nio-8080-exec-1] Exception: acme.framework.helpers.Assert.state(Assert.java:45): Access is not authorised 
2022-06-03 14:01:44.904 DEBUG [org.hibernate.SQL@http-nio-8080-exec-1] select useraccoun0_.id as id1_0_, useraccoun0_.version as version2_0_, useraccoun0_.enabled as enabled1_18_, useraccoun0_.identity as identity2_18_, useraccoun0_.password as password3_18_, useraccoun0_.username as username4_18_ from user_account useraccoun0_ where useraccoun0_.username=? 
2022-06-03 14:01:44.904 TRACE [org.hibernate.type.descriptor.sql.BasicBinder@http-nio-8080-exec-1] binding parameter [1] as [VARCHAR] - [anonymous] 
2022-06-03 14:01:44.905 DEBUG [org.hibernate.SQL@http-nio-8080-exec-1] select roles0_.user_account_id as user_acc1_19_0_, roles0_.id as id1_19_0_, roles0_.id as id1_0_1_, roles0_.version as version2_0_1_, roles0_.user_account_id as user_acc1_19_1_, roles0_.company as company1_7_1_, roles0_.sector as sector2_7_1_, roles0_.company as company1_9_1_, roles0_.link as link2_9_1_, roles0_.statement as statemen3_9_1_, roles0_.company as company1_10_1_, roles0_.link as link2_10_1_, roles0_.statement as statemen3_10_1_, roles0_.company as company1_14_1_, roles0_.sector as sector2_14_1_, roles0_.clazz_ as clazz_1_ from ( select id, version, user_account_id, company, sector, null as link, null as statement, 11 as clazz_ from consumer union all select id, version, user_account_id, company, null as sector, link, statement, 12 as clazz_ from inventor union all select id, version, user_account_id, company, null as sector, link, statement, 13 as clazz_ from patron union all select id, version, user_account_id, company, sector, null as link, null as statement, 14 as clazz_ from provider union all select id, version, user_account_id, null as company, null as sector, null as link, null as statement, 16 as clazz_ from administrator union all select id, version, user_account_id, null as company, null as sector, null as link, null as statement, 17 as clazz_ from anonymous union all select id, version, user_account_id, null as company, null as sector, null as link, null as statement, 18 as clazz_ from any union all select id, version, user_account_id, null as company, null as sector, null as link, null as statement, 19 as clazz_ from authenticated ) roles0_ where roles0_.user_account_id=? 
2022-06-03 14:01:44.906 TRACE [org.hibernate.type.descriptor.sql.BasicBinder@http-nio-8080-exec-1] binding parameter [1] as [INTEGER] - [1] 
2022-06-03 14:01:47.396 DEBUG [acme.framework.components.tiles.DynamicTilesView@http-nio-8080-exec-10] View name 'master/sign-in', model {username=, password=, remember=false} 
2022-06-03 14:01:47.397 DEBUG [org.apache.jasper.servlet.JspServlet@http-nio-8080-exec-10] JspEngine --> /WEB-INF/views/master/page.jsp 
2022-06-03 14:01:47.397 DEBUG [org.apache.jasper.servlet.JspServlet@http-nio-8080-exec-10] ServletPath: /WEB-INF/views/master/page.jsp 
2022-06-03 14:01:47.397 DEBUG [org.apache.jasper.servlet.JspServlet@http-nio-8080-exec-10] PathInfo: null 
2022-06-03 14:01:47.398 DEBUG [org.apache.jasper.servlet.JspServlet@http-nio-8080-exec-10] RealPath: C:\Users\jesus\Workspace-22.0\Projects\Acme-Toolkits-ControlCheck\target\classes\WEB-INF\views\master\page.jsp 
2022-06-03 14:01:47.398 DEBUG [org.apache.jasper.servlet.JspServlet@http-nio-8080-exec-10] RequestURI: /acme-toolkits-22.1/WEB-INF/views/master/page.jsp 
2022-06-03 14:01:47.398 DEBUG [org.apache.jasper.servlet.JspServlet@http-nio-8080-exec-10] QueryString: null 
2022-06-03 14:01:47.447 DEBUG [org.apache.jasper.servlet.JspServlet@http-nio-8080-exec-10] JspEngine --> /WEB-INF/views/master/sign-in.jsp 
2022-06-03 14:01:47.447 DEBUG [org.apache.jasper.servlet.JspServlet@http-nio-8080-exec-10] ServletPath: /WEB-INF/views/master/page.jsp 
2022-06-03 14:01:47.448 DEBUG [org.apache.jasper.servlet.JspServlet@http-nio-8080-exec-10] PathInfo: null 
2022-06-03 14:01:47.448 DEBUG [org.apache.jasper.servlet.JspServlet@http-nio-8080-exec-10] RealPath: C:\Users\jesus\Workspace-22.0\Projects\Acme-Toolkits-ControlCheck\target\classes\WEB-INF\views\master\sign-in.jsp 
2022-06-03 14:01:47.448 DEBUG [org.apache.jasper.servlet.JspServlet@http-nio-8080-exec-10] RequestURI: /acme-toolkits-22.1/WEB-INF/views/master/page.jsp 
2022-06-03 14:01:47.449 DEBUG [org.apache.jasper.servlet.JspServlet@http-nio-8080-exec-10] QueryString: null 
2022-06-03 14:01:48.249 DEBUG [org.hibernate.SQL@http-nio-8080-exec-10] select useraccoun0_.id as id1_0_, useraccoun0_.version as version2_0_, useraccoun0_.enabled as enabled1_18_, useraccoun0_.identity as identity2_18_, useraccoun0_.password as password3_18_, useraccoun0_.username as username4_18_ from user_account useraccoun0_ where useraccoun0_.username=? 
2022-06-03 14:01:48.250 TRACE [org.hibernate.type.descriptor.sql.BasicBinder@http-nio-8080-exec-10] binding parameter [1] as [VARCHAR] - [anonymous] 
2022-06-03 14:01:48.251 DEBUG [org.hibernate.SQL@http-nio-8080-exec-10] select roles0_.user_account_id as user_acc1_19_0_, roles0_.id as id1_19_0_, roles0_.id as id1_0_1_, roles0_.version as version2_0_1_, roles0_.user_account_id as user_acc1_19_1_, roles0_.company as company1_7_1_, roles0_.sector as sector2_7_1_, roles0_.company as company1_9_1_, roles0_.link as link2_9_1_, roles0_.statement as statemen3_9_1_, roles0_.company as company1_10_1_, roles0_.link as link2_10_1_, roles0_.statement as statemen3_10_1_, roles0_.company as company1_14_1_, roles0_.sector as sector2_14_1_, roles0_.clazz_ as clazz_1_ from ( select id, version, user_account_id, company, sector, null as link, null as statement, 11 as clazz_ from consumer union all select id, version, user_account_id, company, null as sector, link, statement, 12 as clazz_ from inventor union all select id, version, user_account_id, company, null as sector, link, statement, 13 as clazz_ from patron union all select id, version, user_account_id, company, sector, null as link, null as statement, 14 as clazz_ from provider union all select id, version, user_account_id, null as company, null as sector, null as link, null as statement, 16 as clazz_ from administrator union all select id, version, user_account_id, null as company, null as sector, null as link, null as statement, 17 as clazz_ from anonymous union all select id, version, user_account_id, null as company, null as sector, null as link, null as statement, 18 as clazz_ from any union all select id, version, user_account_id, null as company, null as sector, null as link, null as statement, 19 as clazz_ from authenticated ) roles0_ where roles0_.user_account_id=? 
2022-06-03 14:01:48.251 TRACE [org.hibernate.type.descriptor.sql.BasicBinder@http-nio-8080-exec-10] binding parameter [1] as [INTEGER] - [1] 
2022-06-03 14:01:55.837 DEBUG [org.hibernate.SQL@http-nio-8080-exec-1] select useraccoun0_.id as id1_0_, useraccoun0_.version as version2_0_, useraccoun0_.enabled as enabled1_18_, useraccoun0_.identity as identity2_18_, useraccoun0_.password as password3_18_, useraccoun0_.username as username4_18_ from user_account useraccoun0_ where useraccoun0_.username=? 
2022-06-03 14:01:55.837 TRACE [org.hibernate.type.descriptor.sql.BasicBinder@http-nio-8080-exec-1] binding parameter [1] as [VARCHAR] - [administrator] 
2022-06-03 14:01:55.839 DEBUG [org.hibernate.SQL@http-nio-8080-exec-1] select roles0_.user_account_id as user_acc1_19_0_, roles0_.id as id1_19_0_, roles0_.id as id1_0_1_, roles0_.version as version2_0_1_, roles0_.user_account_id as user_acc1_19_1_, roles0_.company as company1_7_1_, roles0_.sector as sector2_7_1_, roles0_.company as company1_9_1_, roles0_.link as link2_9_1_, roles0_.statement as statemen3_9_1_, roles0_.company as company1_10_1_, roles0_.link as link2_10_1_, roles0_.statement as statemen3_10_1_, roles0_.company as company1_14_1_, roles0_.sector as sector2_14_1_, roles0_.clazz_ as clazz_1_ from ( select id, version, user_account_id, company, sector, null as link, null as statement, 11 as clazz_ from consumer union all select id, version, user_account_id, company, null as sector, link, statement, 12 as clazz_ from inventor union all select id, version, user_account_id, company, null as sector, link, statement, 13 as clazz_ from patron union all select id, version, user_account_id, company, sector, null as link, null as statement, 14 as clazz_ from provider union all select id, version, user_account_id, null as company, null as sector, null as link, null as statement, 16 as clazz_ from administrator union all select id, version, user_account_id, null as company, null as sector, null as link, null as statement, 17 as clazz_ from anonymous union all select id, version, user_account_id, null as company, null as sector, null as link, null as statement, 18 as clazz_ from any union all select id, version, user_account_id, null as company, null as sector, null as link, null as statement, 19 as clazz_ from authenticated ) roles0_ where roles0_.user_account_id=? 
2022-06-03 14:01:55.839 TRACE [org.hibernate.type.descriptor.sql.BasicBinder@http-nio-8080-exec-1] binding parameter [1] as [INTEGER] - [2] 
2022-06-03 14:01:55.854 DEBUG [acme.framework.components.tiles.DynamicTilesView@http-nio-8080-exec-2] View name 'fragments/welcome', model {} 
2022-06-03 14:01:55.855 DEBUG [org.apache.jasper.servlet.JspServlet@http-nio-8080-exec-2] JspEngine --> /WEB-INF/views/master/page.jsp 
2022-06-03 14:01:55.855 DEBUG [org.apache.jasper.servlet.JspServlet@http-nio-8080-exec-2] ServletPath: /WEB-INF/views/master/page.jsp 
2022-06-03 14:01:55.855 DEBUG [org.apache.jasper.servlet.JspServlet@http-nio-8080-exec-2] PathInfo: null 
2022-06-03 14:01:55.856 DEBUG [org.apache.jasper.servlet.JspServlet@http-nio-8080-exec-2] RealPath: C:\Users\jesus\Workspace-22.0\Projects\Acme-Toolkits-ControlCheck\target\classes\WEB-INF\views\master\page.jsp 
2022-06-03 14:01:55.856 DEBUG [org.apache.jasper.servlet.JspServlet@http-nio-8080-exec-2] RequestURI: /acme-toolkits-22.1/WEB-INF/views/master/page.jsp 
2022-06-03 14:01:55.856 DEBUG [org.apache.jasper.servlet.JspServlet@http-nio-8080-exec-2] QueryString: null 
2022-06-03 14:01:55.922 DEBUG [org.apache.jasper.servlet.JspServlet@http-nio-8080-exec-2] JspEngine --> /WEB-INF/views/fragments/welcome.jsp 
2022-06-03 14:01:55.923 DEBUG [org.apache.jasper.servlet.JspServlet@http-nio-8080-exec-2] ServletPath: /WEB-INF/views/master/page.jsp 
2022-06-03 14:01:55.923 DEBUG [org.apache.jasper.servlet.JspServlet@http-nio-8080-exec-2] PathInfo: null 
2022-06-03 14:01:55.923 DEBUG [org.apache.jasper.servlet.JspServlet@http-nio-8080-exec-2] RealPath: C:\Users\jesus\Workspace-22.0\Projects\Acme-Toolkits-ControlCheck\target\classes\WEB-INF\views\fragments\welcome.jsp 
2022-06-03 14:01:55.924 DEBUG [org.apache.jasper.servlet.JspServlet@http-nio-8080-exec-2] RequestURI: /acme-toolkits-22.1/WEB-INF/views/master/page.jsp 
2022-06-03 14:01:55.924 DEBUG [org.apache.jasper.servlet.JspServlet@http-nio-8080-exec-2] QueryString: null 
2022-06-03 14:02:00.532 DEBUG [acme.framework.controllers.AbstractController@http-nio-8080-exec-7] DISPATCHING GET /acme-toolkits-22.1/administrator/administrator-dashboard/show 
2022-06-03 14:02:00.532 DEBUG [acme.framework.controllers.AbstractController@http-nio-8080-exec-7] Command: show 
2022-06-03 14:02:00.532 DEBUG [acme.framework.controllers.AbstractController@http-nio-8080-exec-7] Model:   {} 
2022-06-03 14:02:00.532 DEBUG [acme.framework.controllers.AbstractController@http-nio-8080-exec-7] Locale:  en 
2022-06-03 14:02:00.537 DEBUG [org.hibernate.SQL@http-nio-8080-exec-7] select count(invention0_.id) as col_0_0_ from invention invention0_ where invention0_.invention_type=0 
2022-06-03 14:02:00.539 DEBUG [org.hibernate.SQL@http-nio-8080-exec-7] select count(invention0_.id) as col_0_0_ from invention invention0_ where invention0_.invention_type=1 
2022-06-03 14:02:00.540 DEBUG [org.hibernate.SQL@http-nio-8080-exec-7] select concat(invention0_.technology, ':', invention0_.retail_price_currency, ':', avg(invention0_.retail_price_amount)) as col_0_0_ from invention invention0_ where invention0_.invention_type=0 group by invention0_.technology , invention0_.retail_price_currency 
2022-06-03 14:02:00.541 DEBUG [org.hibernate.SQL@http-nio-8080-exec-7] select concat(invention0_.technology, ':', invention0_.retail_price_currency, ':', std(invention0_.retail_price_amount)) as col_0_0_ from invention invention0_ where invention0_.invention_type=0 group by invention0_.technology , invention0_.retail_price_currency 
2022-06-03 14:02:00.542 DEBUG [org.hibernate.SQL@http-nio-8080-exec-7] select concat(invention0_.technology, ':', invention0_.retail_price_currency, ':', min(invention0_.retail_price_amount)) as col_0_0_ from invention invention0_ where invention0_.invention_type=0 group by invention0_.technology , invention0_.retail_price_currency 
2022-06-03 14:02:00.543 DEBUG [org.hibernate.SQL@http-nio-8080-exec-7] select concat(invention0_.technology, ':', invention0_.retail_price_currency, ':', max(invention0_.retail_price_amount)) as col_0_0_ from invention invention0_ where invention0_.invention_type=0 group by invention0_.technology , invention0_.retail_price_currency 
2022-06-03 14:02:00.544 DEBUG [org.hibernate.SQL@http-nio-8080-exec-7] select concat(invention0_.retail_price_currency, ':', avg(invention0_.retail_price_amount)) as col_0_0_ from invention invention0_ where invention0_.invention_type=1 group by invention0_.retail_price_currency 
2022-06-03 14:02:00.545 DEBUG [org.hibernate.SQL@http-nio-8080-exec-7] select concat(invention0_.retail_price_currency, ':', std(invention0_.retail_price_amount)) as col_0_0_ from invention invention0_ where invention0_.invention_type=1 group by invention0_.retail_price_currency 
2022-06-03 14:02:00.546 DEBUG [org.hibernate.SQL@http-nio-8080-exec-7] select concat(invention0_.retail_price_currency, ':', min(invention0_.retail_price_amount)) as col_0_0_ from invention invention0_ where invention0_.invention_type=1 group by invention0_.retail_price_currency 
2022-06-03 14:02:00.547 DEBUG [org.hibernate.SQL@http-nio-8080-exec-7] select concat(invention0_.retail_price_currency, ':', max(invention0_.retail_price_amount)) as col_0_0_ from invention invention0_ where invention0_.invention_type=1 group by invention0_.retail_price_currency 
2022-06-03 14:02:00.547 DEBUG [org.hibernate.SQL@http-nio-8080-exec-7] select concat(patronage0_.status, ':', count(patronage0_.id)) as col_0_0_ from patronage patronage0_ group by patronage0_.status 
2022-06-03 14:02:00.548 DEBUG [org.hibernate.SQL@http-nio-8080-exec-7] select concat(patronage0_.status, ':', avg(patronage0_.budget_amount)) as col_0_0_ from patronage patronage0_ group by patronage0_.status 
2022-06-03 14:02:00.549 DEBUG [org.hibernate.SQL@http-nio-8080-exec-7] select concat(patronage0_.status, ':', std(patronage0_.budget_amount)) as col_0_0_ from patronage patronage0_ group by patronage0_.status 
2022-06-03 14:02:00.550 DEBUG [org.hibernate.SQL@http-nio-8080-exec-7] select concat(patronage0_.status, ':', min(patronage0_.budget_amount)) as col_0_0_ from patronage patronage0_ group by patronage0_.status 
2022-06-03 14:02:00.551 DEBUG [org.hibernate.SQL@http-nio-8080-exec-7] select concat(patronage0_.status, ':', max(patronage0_.budget_amount)) as col_0_0_ from patronage patronage0_ group by patronage0_.status 
2022-06-03 14:02:00.551 DEBUG [org.hibernate.SQL@http-nio-8080-exec-7] select count(peman0_.id) as col_0_0_ from peman peman0_ cross join invention invention1_ where peman0_.invention_id=invention1_.id and invention1_.invention_type=1 
2022-06-03 14:02:00.552 DEBUG [org.hibernate.SQL@http-nio-8080-exec-7] select concat(peman0_.expenditure_currency, ':', avg(peman0_.expenditure_amount)) as col_0_0_ from peman peman0_ group by peman0_.expenditure_currency 
2022-06-03 14:02:00.553 DEBUG [org.hibernate.SQL@http-nio-8080-exec-7] select concat(peman0_.expenditure_currency, ':', std(peman0_.expenditure_amount)) as col_0_0_ from peman peman0_ group by peman0_.expenditure_currency 
2022-06-03 14:02:00.554 DEBUG [org.hibernate.SQL@http-nio-8080-exec-7] select concat(peman0_.expenditure_currency, ':', min(peman0_.expenditure_amount)) as col_0_0_ from peman peman0_ group by peman0_.expenditure_currency 
2022-06-03 14:02:00.554 DEBUG [org.hibernate.SQL@http-nio-8080-exec-7] select concat(peman0_.expenditure_currency, ':', max(peman0_.expenditure_amount)) as col_0_0_ from peman peman0_ group by peman0_.expenditure_currency 
2022-06-03 14:02:00.558 DEBUG [acme.framework.controllers.AbstractController@http-nio-8080-exec-7] SERVING GET /acme-toolkits-22.1/administrator/administrator-dashboard/show 
2022-06-03 14:02:00.559 DEBUG [acme.framework.controllers.AbstractController@http-nio-8080-exec-7] Result: ModelAndView [view="administrator/administrator-dashboard/form"; model={minimumRetailPriceTools={EUR=0.01}, numberPatronages={PROPOSED=15.0, ACCEPTED=8.0, DENIED=9.0}, ratioToolsWithPeman=0.375, maximumRetailPriceComponents={a->EUR=10.99, A simple wood material->EUR=10.99, Steel->EUR=10.9, Made out of animal parts like meat,skin,hides and bone of bulky muscular animals like a horse andpig->EUR=40.99, abc def ghi jkl mno pqrs tuv wxyz ABC DEF GHI JKL MNO PQRS TUV WXYZ->EUR=100.5, zzZZ aaAAA xxXX yYY  uUUU->EUR=100.5, At vero eos et accusamus et iusto odio dignissimos ducimus qui blanditiis->EUR=1.0, z->EUR=9.99999999999E9, Lorem ipsum dolor sit amet, consectetuer adipiscing elit. Aenean commodo ligula eget dolor. Aenean m->EUR=100.5, T17VH4gRi0K8Lh5pwoCP3rb00s DCs6pqk3YMNtcgbO0baAZytupih9VOpzee hJOX4MSW9t5mpVeToCwI5gULYcluW VNk9IO3G->EUR=100.5, Sed ut perspiciatis unde omnis iste natus error->EUR=200.5}, averageBudgetPatronage={PROPOSED=3.612085345133333E7, ACCEPTED=1.06655717025E7, DENIED=51029.7911111111}, deviationExpenditurePeman={EUR=4394.076720111088}, minimumRetailPriceComponents={a->EUR=10.99, A simple wood material->EUR=0.01, Steel->EUR=7.5, Made out of animal parts like meat,skin,hides and bone of bulky muscular animals like a horse andpig->EUR=20.99, abc def ghi jkl mno pqrs tuv wxyz ABC DEF GHI JKL MNO PQRS TUV WXYZ->EUR=100.5, zzZZ aaAAA xxXX yYY  uUUU->EUR=100.5, At vero eos et accusamus et iusto odio dignissimos ducimus qui blanditiis->EUR=1.0, z->EUR=9.99999999999E9, Lorem ipsum dolor sit amet, consectetuer adipiscing elit. Aenean commodo ligula eget dolor. Aenean m->EUR=100.5, T17VH4gRi0K8Lh5pwoCP3rb00s DCs6pqk3YMNtcgbO0baAZytupih9VOpzee hJOX4MSW9t5mpVeToCwI5gULYcluW VNk9IO3G->EUR=100.5, Sed ut perspiciatis unde omnis iste natus error->EUR=100.5}, deviationRetailPriceComponents={a->EUR=0.0, A simple wood material->EUR=5.49, Steel->EUR=1.7000000000000006, Made out of animal parts like meat,skin,hides and bone of bulky muscular animals like a horse andpig->EUR=8.164965809277263, abc def ghi jkl mno pqrs tuv wxyz ABC DEF GHI JKL MNO PQRS TUV WXYZ->EUR=0.0, zzZZ aaAAA xxXX yYY  uUUU->EUR=0.0, At vero eos et accusamus et iusto odio dignissimos ducimus qui blanditiis->EUR=0.0, z->EUR=0.0, Lorem ipsum dolor sit amet, consectetuer adipiscing elit. Aenean commodo ligula eget dolor. Aenean m->EUR=0.0, T17VH4gRi0K8Lh5pwoCP3rb00s DCs6pqk3YMNtcgbO0baAZytupih9VOpzee hJOX4MSW9t5mpVeToCwI5gULYcluW VNk9IO3G->EUR=0.0, Sed ut perspiciatis unde omnis iste natus error->EUR=50.0}, numberTools=16.0, averageRetailPriceComponents={a->EUR=10.99, A simple wood material->EUR=5.5, Steel->EUR=9.2, Made out of animal parts like meat,skin,hides and bone of bulky muscular animals like a horse andpig->EUR=30.99, abc def ghi jkl mno pqrs tuv wxyz ABC DEF GHI JKL MNO PQRS TUV WXYZ->EUR=100.5, zzZZ aaAAA xxXX yYY  uUUU->EUR=100.5, At vero eos et accusamus et iusto odio dignissimos ducimus qui blanditiis->EUR=1.0, z->EUR=9.99999999999E9, Lorem ipsum dolor sit amet, consectetuer adipiscing elit. Aenean commodo ligula eget dolor. Aenean m->EUR=100.5, T17VH4gRi0K8Lh5pwoCP3rb00s DCs6pqk3YMNtcgbO0baAZytupih9VOpzee hJOX4MSW9t5mpVeToCwI5gULYcluW VNk9IO3G->EUR=100.5, Sed ut perspiciatis unde omnis iste natus error->EUR=150.5}, maximumexpenditurePeman={EUR=12345.0}, minimumBudgetPatronage={PROPOSED=2.0, ACCEPTED=1.77, DENIED=9.41}, averageExpenditurePeman={EUR=2672.6666666666665}, averageRetailPriceTools={EUR=1.25000029580625E8}, deviationRetailPriceTools={EUR=3.307189027272176E8}, minimumExpenditurePeman={EUR=2.0}, maximumRetailPriceTools={EUR=1.00000000013E9}, maximumBudgetPatronage={PROPOSED=5.14364186E8, ACCEPTED=7.763994468E7, DENIED=422275.46}, deviationBudgetPatronage={PROPOSED=1.2798510470715863E8, ACCEPTED=2.5438225598221987E7, DENIED=131601.13155003524}, numberComponents=16.0, command=show, principal=acme.framework.entities.Principal@6d4376fb}] 
2022-06-03 14:02:00.561 DEBUG [acme.framework.components.tiles.DynamicTilesView@http-nio-8080-exec-7] View name 'administrator/administrator-dashboard/form', model {minimumRetailPriceTools={EUR=0.01}, numberPatronages={PROPOSED=15.0, ACCEPTED=8.0, DENIED=9.0}, ratioToolsWithPeman=0.375, maximumRetailPriceComponents={a->EUR=10.99, A simple wood material->EUR=10.99, Steel->EUR=10.9, Made out of animal parts like meat,skin,hides and bone of bulky muscular animals like a horse andpig->EUR=40.99, abc def ghi jkl mno pqrs tuv wxyz ABC DEF GHI JKL MNO PQRS TUV WXYZ->EUR=100.5, zzZZ aaAAA xxXX yYY  uUUU->EUR=100.5, At vero eos et accusamus et iusto odio dignissimos ducimus qui blanditiis->EUR=1.0, z->EUR=9.99999999999E9, Lorem ipsum dolor sit amet, consectetuer adipiscing elit. Aenean commodo ligula eget dolor. Aenean m->EUR=100.5, T17VH4gRi0K8Lh5pwoCP3rb00s DCs6pqk3YMNtcgbO0baAZytupih9VOpzee hJOX4MSW9t5mpVeToCwI5gULYcluW VNk9IO3G->EUR=100.5, Sed ut perspiciatis unde omnis iste natus error->EUR=200.5}, averageBudgetPatronage={PROPOSED=3.612085345133333E7, ACCEPTED=1.06655717025E7, DENIED=51029.7911111111}, deviationExpenditurePeman={EUR=4394.076720111088}, minimumRetailPriceComponents={a->EUR=10.99, A simple wood material->EUR=0.01, Steel->EUR=7.5, Made out of animal parts like meat,skin,hides and bone of bulky muscular animals like a horse andpig->EUR=20.99, abc def ghi jkl mno pqrs tuv wxyz ABC DEF GHI JKL MNO PQRS TUV WXYZ->EUR=100.5, zzZZ aaAAA xxXX yYY  uUUU->EUR=100.5, At vero eos et accusamus et iusto odio dignissimos ducimus qui blanditiis->EUR=1.0, z->EUR=9.99999999999E9, Lorem ipsum dolor sit amet, consectetuer adipiscing elit. Aenean commodo ligula eget dolor. Aenean m->EUR=100.5, T17VH4gRi0K8Lh5pwoCP3rb00s DCs6pqk3YMNtcgbO0baAZytupih9VOpzee hJOX4MSW9t5mpVeToCwI5gULYcluW VNk9IO3G->EUR=100.5, Sed ut perspiciatis unde omnis iste natus error->EUR=100.5}, deviationRetailPriceComponents={a->EUR=0.0, A simple wood material->EUR=5.49, Steel->EUR=1.7000000000000006, Made out of animal parts like meat,skin,hides and bone of bulky muscular animals like a horse andpig->EUR=8.164965809277263, abc def ghi jkl mno pqrs tuv wxyz ABC DEF GHI JKL MNO PQRS TUV WXYZ->EUR=0.0, zzZZ aaAAA xxXX yYY  uUUU->EUR=0.0, At vero eos et accusamus et iusto odio dignissimos ducimus qui blanditiis->EUR=0.0, z->EUR=0.0, Lorem ipsum dolor sit amet, consectetuer adipiscing elit. Aenean commodo ligula eget dolor. Aenean m->EUR=0.0, T17VH4gRi0K8Lh5pwoCP3rb00s DCs6pqk3YMNtcgbO0baAZytupih9VOpzee hJOX4MSW9t5mpVeToCwI5gULYcluW VNk9IO3G->EUR=0.0, Sed ut perspiciatis unde omnis iste natus error->EUR=50.0}, numberTools=16.0, averageRetailPriceComponents={a->EUR=10.99, A simple wood material->EUR=5.5, Steel->EUR=9.2, Made out of animal parts like meat,skin,hides and bone of bulky muscular animals like a horse andpig->EUR=30.99, abc def ghi jkl mno pqrs tuv wxyz ABC DEF GHI JKL MNO PQRS TUV WXYZ->EUR=100.5, zzZZ aaAAA xxXX yYY  uUUU->EUR=100.5, At vero eos et accusamus et iusto odio dignissimos ducimus qui blanditiis->EUR=1.0, z->EUR=9.99999999999E9, Lorem ipsum dolor sit amet, consectetuer adipiscing elit. Aenean commodo ligula eget dolor. Aenean m->EUR=100.5, T17VH4gRi0K8Lh5pwoCP3rb00s DCs6pqk3YMNtcgbO0baAZytupih9VOpzee hJOX4MSW9t5mpVeToCwI5gULYcluW VNk9IO3G->EUR=100.5, Sed ut perspiciatis unde omnis iste natus error->EUR=150.5}, maximumexpenditurePeman={EUR=12345.0}, minimumBudgetPatronage={PROPOSED=2.0, ACCEPTED=1.77, DENIED=9.41}, averageExpenditurePeman={EUR=2672.6666666666665}, averageRetailPriceTools={EUR=1.25000029580625E8}, deviationRetailPriceTools={EUR=3.307189027272176E8}, minimumExpenditurePeman={EUR=2.0}, maximumRetailPriceTools={EUR=1.00000000013E9}, maximumBudgetPatronage={PROPOSED=5.14364186E8, ACCEPTED=7.763994468E7, DENIED=422275.46}, deviationBudgetPatronage={PROPOSED=1.2798510470715863E8, ACCEPTED=2.5438225598221987E7, DENIED=131601.13155003524}, numberComponents=16.0, command=show, principal=acme.framework.entities.Principal@6d4376fb, org.springframework.validation.BindingResult.principal=org.springframework.validation.BeanPropertyBindingResult: 0 errors} 
2022-06-03 14:02:00.562 DEBUG [org.apache.jasper.servlet.JspServlet@http-nio-8080-exec-7] JspEngine --> /WEB-INF/views/master/page.jsp 
2022-06-03 14:02:00.562 DEBUG [org.apache.jasper.servlet.JspServlet@http-nio-8080-exec-7] ServletPath: /WEB-INF/views/master/page.jsp 
2022-06-03 14:02:00.562 DEBUG [org.apache.jasper.servlet.JspServlet@http-nio-8080-exec-7] PathInfo: null 
2022-06-03 14:02:00.563 DEBUG [org.apache.jasper.servlet.JspServlet@http-nio-8080-exec-7] RealPath: C:\Users\jesus\Workspace-22.0\Projects\Acme-Toolkits-ControlCheck\target\classes\WEB-INF\views\master\page.jsp 
2022-06-03 14:02:00.563 DEBUG [org.apache.jasper.servlet.JspServlet@http-nio-8080-exec-7] RequestURI: /acme-toolkits-22.1/WEB-INF/views/master/page.jsp 
2022-06-03 14:02:00.564 DEBUG [org.apache.jasper.servlet.JspServlet@http-nio-8080-exec-7] QueryString: null 
2022-06-03 14:02:00.637 DEBUG [org.apache.jasper.servlet.JspServlet@http-nio-8080-exec-7] JspEngine --> /WEB-INF/views/administrator/administrator-dashboard/form.jsp 
2022-06-03 14:02:00.638 DEBUG [org.apache.jasper.servlet.JspServlet@http-nio-8080-exec-7] ServletPath: /WEB-INF/views/master/page.jsp 
2022-06-03 14:02:00.638 DEBUG [org.apache.jasper.servlet.JspServlet@http-nio-8080-exec-7] PathInfo: null 
2022-06-03 14:02:00.638 DEBUG [org.apache.jasper.servlet.JspServlet@http-nio-8080-exec-7] RealPath: C:\Users\jesus\Workspace-22.0\Projects\Acme-Toolkits-ControlCheck\target\classes\WEB-INF\views\administrator\administrator-dashboard\form.jsp 
2022-06-03 14:02:00.639 DEBUG [org.apache.jasper.servlet.JspServlet@http-nio-8080-exec-7] RequestURI: /acme-toolkits-22.1/WEB-INF/views/master/page.jsp 
2022-06-03 14:02:00.639 DEBUG [org.apache.jasper.servlet.JspServlet@http-nio-8080-exec-7] QueryString: null 
